
Showing logs for build [32mlink78-jx-nodejs-master-47k28-1[0m stage [32mfrom-build-pack[0m and container [32mstep-credential-initializer-hskpj[0m
{"level":"warn","ts":1576120001.1094382,"logger":"fallback-logger","caller":"logging/config.go:69","msg":"Fetch GitHub commit ID from kodata failed: \"ref: refs/heads/master\" is not a valid GitHub commit ID"}
{"level":"info","ts":1576120001.1105304,"logger":"fallback-logger","caller":"creds-init/main.go:40","msg":"Credentials initialized."}

Showing logs for build [32mlink78-jx-nodejs-master-47k28-1[0m stage [32mfrom-build-pack[0m and container [32mstep-working-dir-initializer-dwmdt[0m
{"level":"warn","ts":1576120001.391711,"logger":"fallback-logger","caller":"logging/config.go:69","msg":"Fetch GitHub commit ID from kodata failed: open /var/run/ko/HEAD: no such file or directory"}
{"level":"info","ts":1576120001.3960989,"logger":"fallback-logger","caller":"bash/main.go:65","msg":"Successfully executed command \"mkdir -p /workspace/source\""}

Showing logs for build [32mlink78-jx-nodejs-master-47k28-1[0m stage [32mfrom-build-pack[0m and container [32mstep-place-tools[0m

Showing logs for build [32mlink78-jx-nodejs-master-47k28-1[0m stage [32mfrom-build-pack[0m and container [32mstep-git-source-link78-jx-nodejs-master-gtcsb[0m
{"level":"warn","ts":1576120029.4672692,"logger":"fallback-logger","caller":"logging/config.go:69","msg":"Fetch GitHub commit ID from kodata failed: \"ref: refs/heads/master\" is not a valid GitHub commit ID"}
{"level":"info","ts":1576120030.0130742,"logger":"fallback-logger","caller":"git/git.go:102","msg":"Successfully cloned https://github.com/******/**-nodejs.git @ v0.0.1 in path /workspace/source"}

Showing logs for build [32mlink78-jx-nodejs-master-47k28-1[0m stage [32mfrom-build-pack[0m and container [32mstep-git-merge[0m
Using SHAs from PULL_REFS=master:117410155151944081eff3e61327753cf96cae82
WARNING: no SHAs to merge, falling back to initial cloned commit

Showing logs for build [32mlink78-jx-nodejs-master-47k28-1[0m stage [32mfrom-build-pack[0m and container [32mstep-setup-jx-git-credentials[0m
Generated Git credentials file /workspace/xdg_config/git/credentials

Showing logs for build [32mlink78-jx-nodejs-master-47k28-1[0m stage [32mfrom-build-pack[0m and container [32mstep-build-npmrc[0m
Command "credential" is deprecated, it will be removed on 01-02-2020.  This replaced by Tekton's mounted secrets
WARNING: failed to find Secret npm-token in namespace **

Showing logs for build [32mlink78-jx-nodejs-master-47k28-1[0m stage [32mfrom-build-pack[0m and container [32mstep-build-npm-install[0m
npm notice created a lockfile as package-lock.json. You should commit this file.
npm WARN REPLACE_ME@1.0.0 No repository field.
npm WARN REPLACE_ME@1.0.0 No license field.

up to date in 0.219s
found 0 vulnerabilities


Showing logs for build [32mlink78-jx-nodejs-master-47k28-1[0m stage [32mfrom-build-pack[0m and container [32mstep-build-npm-test[0m

> REPLACE_ME@1.0.0 test /workspace/source
> echo "no test specified" && exit 0

no test specified

Showing logs for build [32mlink78-jx-nodejs-master-47k28-1[0m stage [32mfrom-build-pack[0m and container [32mstep-build-container-build[0m
[36mINFO[0m[0000] Downloading base image node:9-slim           
[36mINFO[0m[0001] Error while retrieving image from cache: getting file info: stat /workspace/sha256:0e0175bbe4f8d9d104590d8d2c591017874e30977cb71aaff1cf6fa99479575c: no such file or directory 
[36mINFO[0m[0001] Downloading base image node:9-slim           
[36mINFO[0m[0001] Executing 0 build triggers                   
[36mINFO[0m[0001] cmd: EXPOSE                                  
[36mINFO[0m[0001] Adding exposed port: 8080/tcp                
[36mINFO[0m[0001] Using files from context: [/workspace/source] 
[36mINFO[0m[0001] Skipping unpacking as no commands require it. 
[36mINFO[0m[0001] Taking snapshot of full filesystem...        
[36mINFO[0m[0001] ENV PORT 8080                                
[36mINFO[0m[0001] No files changed in this command, skipping snapshotting. 
[36mINFO[0m[0001] EXPOSE 8080                                  
[36mINFO[0m[0001] cmd: EXPOSE                                  
[36mINFO[0m[0001] Adding exposed port: 8080/tcp                
[36mINFO[0m[0001] No files changed in this command, skipping snapshotting. 
[36mINFO[0m[0001] WORKDIR /usr/src/app                         
[36mINFO[0m[0001] cmd: workdir                                 
[36mINFO[0m[0001] Changed working directory to /usr/src/app    
[36mINFO[0m[0001] Creating directory /usr/src/app              
[36mINFO[0m[0001] Taking snapshot of files...                  
[36mINFO[0m[0001] Using files from context: [/workspace/source] 
[36mINFO[0m[0001] COPY . .                                     
[36mINFO[0m[0001] Taking snapshot of files...                  
[36mINFO[0m[0001] CMD ["npm", "start"]                         
[36mINFO[0m[0001] No files changed in this command, skipping snapshotting. 
error pushing image: failed to push to destination 544331344701.dkr.ecr.us-west-2.amazonaws.com/******/**-nodejs:0.0.1: DENIED: User: arn:aws:sts::544331344701:assumed-role/eksctl-bfk-eks-cloud-nodegroup-ng-NodeInstanceRole-D8H8ZZK5PLRQ/i-0cc6804170beb08d7 is not authorized to perform: ecr:InitiateLayerUpload on resource: arn:aws:ecr:us-west-2:544331344701:repository/******/**-nodejs
[31m
Pipeline failed on stage 'from-build-pack' : container 'step-build-container-build'. The execution of the pipeline has stopped.[0m
